<?xml version="1.0" encoding="UTF-8"?>
<!-- Generated by org.testng.reporters.JUnitXMLReporter -->
<testsuite ignored="0" hostname="DESKTOP-5E8N756" failures="0" tests="6" name="Car Loan" time="0.085" errors="0" timestamp="2021-11-04T14:29:19 IST">
  <testcase classname="pack1.Day4" name="loginAPICarLoan" time="0.004"/>
  <testcase classname="pack1.Day4" name="mobileLoginCarLoan" time="0.006"/>
  <testcase classname="pack1.Day4" name="webLoginCarLoan" time="0.006"/>
  <testcase classname="pack1.Day3" name="loginAPIHomeLoan" time="0.01"/>
  <testcase classname="pack1.Day3" name="mobileLoginHomeLaon" time="0.01"/>
  <testcase classname="pack1.Day3" name="webLoginHomeLaon" time="0.005"/>
</testsuite> <!-- Car Loan -->
