<?xml version="1.0" encoding="UTF-8"?>
<testng-results ignored="0" total="0" passed="0" failed="0" skipped="0">
  <reporter-output>
  </reporter-output>
  <suite started-at="2021-11-04T20:27:30 IST" name="Loan Department" finished-at="2021-11-04T20:27:30 IST" duration-ms="25">
    <groups>
    </groups>
    <test started-at="2021-11-04T20:27:30 IST" name="Personal Loan" finished-at="2021-11-04T20:27:30 IST" duration-ms="25">
    </test> <!-- Personal Loan -->
  </suite> <!-- Loan Department -->
</testng-results>
